<?xml version="1.0" encoding="UTF-8" ?>
<testsuite failures="0" time="0.211" errors="0" skipped="0" tests="6" name="unit.TestRelatoDao">
  <properties>
[...]
</properties>
  <testcase time="0.056" classname="unit.TestRelatoDao" name="getAll"/>
  <testcase time="0.021" classname="unit.TestRelatoDao" name="getRelatosByGenero"/>
  <testcase time="0.044" classname="unit.TestRelatoDao" name="getRelatosByTitulo"/>
  <testcase time="0.042" classname="unit.TestRelatoDao" name="getFilteredTitulo"/>
  <testcase time="0.039" classname="unit.TestRelatoDao" name="getRelatosUsuario"/>
  <testcase time="0.009" classname="unit.TestRelatoDao" name="getRelatosByAutor"/>
</testsuite>